This is pdfTeX, Version 3.14159265-2.6-1.40.19 (TeX Live 2018) (preloaded format=pdflatex 2018.11.3)  3 NOV 2018 14:35
entering extended mode
 restricted \write18 enabled.
 file:line:error style messages enabled.
 %&-line parsing enabled.
**acl2014.sty
(./acl2014.sty
LaTeX2e <2018-04-01> patch level 2
Babel <3.18> and hyphenation patterns for 84 language(s) loaded.
Conference Style for ACL 2014 -- released October 2, 2013
\titlebox=\skip41

./acl2014.sty:159: LaTeX Error: Environment abstract undefined.

See the LaTeX manual or LaTeX Companion for explanation.
Type  H <return>  for immediate help.
 ...                                              
                                                  
l.159 \renewenvironment{abstract}
                                 %
? 

./acl2014.sty:212: LaTeX Error: Missing \begin{document}.

See the LaTeX manual or LaTeX Companion for explanation.
Type  H <return>  for immediate help.
 ...                                              
                                                  
l.212 \let\@in
              ternalcite\cite
? 
Missing character: There is no n in font nullfont!
Missing character: There is no t in font nullfont!
Missing character: There is no e in font nullfont!
Missing character: There is no r in font nullfont!
Missing character: There is no n in font nullfont!
Missing character: There is no a in font nullfont!
Missing character: There is no l in font nullfont!
Missing character: There is no c in font nullfont!
Missing character: There is no i in font nullfont!
Missing character: There is no t in font nullfont!
Missing character: There is no e in font nullfont!
Missing character: There is no [ in font nullfont!
\citation{\def }
./acl2014.sty:213: Missing \endcsname inserted.
<to be read again> 
                   \def 
l.213 \def
          \cite{\def\citename##1{##1, }\@internalcite}
? 
./acl2014.sty:213: Undefined control sequence.
<write> ...: Citation `\@citeb ' on page \thepage 
                                                  \space undefined\on@line .
l.213 \def
          \cite{\def\citename##1{##1, }\@internalcite}
? 

LaTeX Warning: Citation `\def ' on page  undefined on input line 213.

Missing character: There is no ] in font nullfont!
Missing character: There is no [ in font nullfont!
./acl2014.sty:213: Undefined control sequence.
\@citeb ->\def \citename 
                         ##1{##1, }\@internalcite
l.213 ...te{\def\citename##1{##1, }\@internalcite}
                                                  
? 
./acl2014.sty:213: Illegal parameter number in definition of \@citeb.
<to be read again> 
                   1
l.213 ...te{\def\citename##1{##1, }\@internalcite}
                                                  
? 
./acl2014.sty:213: Illegal parameter number in definition of \@citeb.
<to be read again> 
                   1
l.213 ...te{\def\citename##1{##1, }\@internalcite}
                                                  
? 
\citation{\def ##1{##1, }\@internalcite}
./acl2014.sty:213: Missing \endcsname inserted.
<to be read again> 
                   \def 
l.213 ...te{\def\citename##1{##1, }\@internalcite}
                                                  
? 
./acl2014.sty:213: Undefined control sequence.
<write> ...: Citation `\@citeb ' on page \thepage 
                                                  \space undefined\on@line .
l.213 ...te{\def\citename##1{##1, }\@internalcite}
                                                  
? 

LaTeX Warning: Citation `\def ##1{##1, }\@internalcite' on page  undefined on i
nput line 213.

Missing character: There is no ] in font nullfont!
)
*
(Please type a command or say `\end')
*
(Please type a command or say `\end')
*
(Please type a command or say `\end')
*
(Please type a command or say `\end')
*
(Please type a command or say `\end')
*
(Please type a command or say `\end')
*
(Please type a command or say `\end')
*
(Please type a command or say `\end')
*
(Please type a command or say `\end')
*
(Please type a command or say `\end')
*
(Please type a command or say `\end')
*
(Please type a command or say `\end')
*a

! LaTeX Error: Missing \begin{document}.

See the LaTeX manual or LaTeX Companion for explanation.
Type  H <return>  for immediate help.
 ...                                              
                                                  
<*> a
     
? 
! Emergency stop.
 ...                                              
                                                  
<*> a
     
You're in trouble here.  Try typing  <return>  to proceed.
If that doesn't work, type  X <return>  to quit.

 
Here is how much of TeX's memory you used:
 48 strings out of 492649
 579 string characters out of 6129622
 56864 words of memory out of 5000000
 4028 multiletter control sequences out of 15000+600000
 3948 words of font info for 15 fonts, out of 8000000 for 9000
 1141 hyphenation exceptions out of 8191
 20i,2n,27p,98b,92s stack positions out of 5000i,500n,10000p,200000b,80000s
!  ==> Fatal error occurred, no output PDF file produced!
